2013-09-01 10:08:38,376 - [INFO] - from play in main 
Listening for HTTP on /0:0:0:0:0:0:0:0:9000

2013-09-01 10:08:49,187 - [INFO] - from play in play-internal-execution-context-1 
database [default] connected at jdbc:h2:mem:play

2013-09-01 10:08:49,976 - [ERROR] - from application in New I/O worker #1 


! @6fen75fjd - Internal server error, for (GET) [/sell] ->

play.api.db.evolutions.InvalidDatabaseRevision: Database 'default' needs evolution![An SQL script need to be run on your database.]
	at play.api.db.evolutions.EvolutionsPlugin$$anonfun$onStart$1$$anonfun$apply$1.apply$mcV$sp(Evolutions.scala:462) ~[play-jdbc_2.10.jar:2.1.2]
	at play.api.db.evolutions.EvolutionsPlugin.withLock(Evolutions.scala:483) ~[play-jdbc_2.10.jar:2.1.2]
	at play.api.db.evolutions.EvolutionsPlugin$$anonfun$onStart$1.apply(Evolutions.scala:439) ~[play-jdbc_2.10.jar:2.1.2]
	at play.api.db.evolutions.EvolutionsPlugin$$anonfun$onStart$1.apply(Evolutions.scala:437) ~[play-jdbc_2.10.jar:2.1.2]
	at scala.collection.immutable.List.foreach(List.scala:309) ~[scala-library.jar:na]
	at play.api.db.evolutions.EvolutionsPlugin.onStart(Evolutions.scala:437) ~[play-jdbc_2.10.jar:2.1.2]
	at play.api.Play$$anonfun$start$1$$anonfun$apply$mcV$sp$1.apply(Play.scala:68) ~[play_2.10.jar:2.1.2]
	at play.api.Play$$anonfun$start$1$$anonfun$apply$mcV$sp$1.apply(Play.scala:68) ~[play_2.10.jar:2.1.2]
	at scala.collection.immutable.List.foreach(List.scala:309) ~[scala-library.jar:na]
	at play.api.Play$$anonfun$start$1.apply$mcV$sp(Play.scala:68) ~[play_2.10.jar:2.1.2]
	at play.api.Play$$anonfun$start$1.apply(Play.scala:68) ~[play_2.10.jar:2.1.2]
	at play.api.Play$$anonfun$start$1.apply(Play.scala:68) ~[play_2.10.jar:2.1.2]
	at play.utils.Threads$.withContextClassLoader(Threads.scala:18) ~[play_2.10.jar:2.1.2]
	at play.api.Play$.start(Play.scala:67) ~[play_2.10.jar:2.1.2]
	at play.core.ReloadableApplication$$anonfun$get$1$$anonfun$apply$1$$anonfun$1.apply(ApplicationProvider.scala:141) ~[play_2.10.jar:2.1.2]
	at play.core.ReloadableApplication$$anonfun$get$1$$anonfun$apply$1$$anonfun$1.apply(ApplicationProvider.scala:114) ~[play_2.10.jar:2.1.2]
	at scala.Option.map(Option.scala:145) ~[scala-library.jar:na]
	at play.core.ReloadableApplication$$anonfun$get$1$$anonfun$apply$1.apply(ApplicationProvider.scala:114) ~[play_2.10.jar:2.1.2]
	at play.core.ReloadableApplication$$anonfun$get$1$$anonfun$apply$1.apply(ApplicationProvider.scala:112) ~[play_2.10.jar:2.1.2]
	at scala.util.Either$RightProjection.flatMap(Either.scala:523) ~[scala-library.jar:na]
	at play.core.ReloadableApplication$$anonfun$get$1.apply(ApplicationProvider.scala:112) ~[play_2.10.jar:2.1.2]
	at play.core.ReloadableApplication$$anonfun$get$1.apply(ApplicationProvider.scala:104) ~[play_2.10.jar:2.1.2]
	at scala.concurrent.impl.Future$PromiseCompletingRunnable.liftedTree1$1(Future.scala:24) ~[scala-library.jar:na]
	at scala.concurrent.impl.Future$PromiseCompletingRunnable.run(Future.scala:24) ~[scala-library.jar:na]
	at java.util.concurrent.ThreadPoolExecutor.runWorker(Unknown Source) [na:1.7.0_21]
	at java.util.concurrent.ThreadPoolExecutor$Worker.run(Unknown Source) [na:1.7.0_21]
	at java.lang.Thread.run(Unknown Source) [na:1.7.0_21]

2013-09-01 10:08:51,043 - [ERROR] - from application in New I/O worker #2 


! @6fen75fjd - Internal server error, for (GET) [/] ->

play.api.db.evolutions.InvalidDatabaseRevision: Database 'default' needs evolution![An SQL script need to be run on your database.]
	at play.api.db.evolutions.EvolutionsPlugin$$anonfun$onStart$1$$anonfun$apply$1.apply$mcV$sp(Evolutions.scala:462) ~[play-jdbc_2.10.jar:2.1.2]
	at play.api.db.evolutions.EvolutionsPlugin.withLock(Evolutions.scala:483) ~[play-jdbc_2.10.jar:2.1.2]
	at play.api.db.evolutions.EvolutionsPlugin$$anonfun$onStart$1.apply(Evolutions.scala:439) ~[play-jdbc_2.10.jar:2.1.2]
	at play.api.db.evolutions.EvolutionsPlugin$$anonfun$onStart$1.apply(Evolutions.scala:437) ~[play-jdbc_2.10.jar:2.1.2]
	at scala.collection.immutable.List.foreach(List.scala:309) ~[scala-library.jar:na]
	at play.api.db.evolutions.EvolutionsPlugin.onStart(Evolutions.scala:437) ~[play-jdbc_2.10.jar:2.1.2]
	at play.api.Play$$anonfun$start$1$$anonfun$apply$mcV$sp$1.apply(Play.scala:68) ~[play_2.10.jar:2.1.2]
	at play.api.Play$$anonfun$start$1$$anonfun$apply$mcV$sp$1.apply(Play.scala:68) ~[play_2.10.jar:2.1.2]
	at scala.collection.immutable.List.foreach(List.scala:309) ~[scala-library.jar:na]
	at play.api.Play$$anonfun$start$1.apply$mcV$sp(Play.scala:68) ~[play_2.10.jar:2.1.2]
	at play.api.Play$$anonfun$start$1.apply(Play.scala:68) ~[play_2.10.jar:2.1.2]
	at play.api.Play$$anonfun$start$1.apply(Play.scala:68) ~[play_2.10.jar:2.1.2]
	at play.utils.Threads$.withContextClassLoader(Threads.scala:18) ~[play_2.10.jar:2.1.2]
	at play.api.Play$.start(Play.scala:67) ~[play_2.10.jar:2.1.2]
	at play.core.ReloadableApplication$$anonfun$get$1$$anonfun$apply$1$$anonfun$1.apply(ApplicationProvider.scala:141) ~[play_2.10.jar:2.1.2]
	at play.core.ReloadableApplication$$anonfun$get$1$$anonfun$apply$1$$anonfun$1.apply(ApplicationProvider.scala:114) ~[play_2.10.jar:2.1.2]
	at scala.Option.map(Option.scala:145) ~[scala-library.jar:na]
	at play.core.ReloadableApplication$$anonfun$get$1$$anonfun$apply$1.apply(ApplicationProvider.scala:114) ~[play_2.10.jar:2.1.2]
	at play.core.ReloadableApplication$$anonfun$get$1$$anonfun$apply$1.apply(ApplicationProvider.scala:112) ~[play_2.10.jar:2.1.2]
	at scala.util.Either$RightProjection.flatMap(Either.scala:523) ~[scala-library.jar:na]
	at play.core.ReloadableApplication$$anonfun$get$1.apply(ApplicationProvider.scala:112) ~[play_2.10.jar:2.1.2]
	at play.core.ReloadableApplication$$anonfun$get$1.apply(ApplicationProvider.scala:104) ~[play_2.10.jar:2.1.2]
	at scala.concurrent.impl.Future$PromiseCompletingRunnable.liftedTree1$1(Future.scala:24) ~[scala-library.jar:na]
	at scala.concurrent.impl.Future$PromiseCompletingRunnable.run(Future.scala:24) ~[scala-library.jar:na]
	at java.util.concurrent.ThreadPoolExecutor.runWorker(Unknown Source) [na:1.7.0_21]
	at java.util.concurrent.ThreadPoolExecutor$Worker.run(Unknown Source) [na:1.7.0_21]
	at java.lang.Thread.run(Unknown Source) [na:1.7.0_21]

2013-09-01 10:08:53,727 - [INFO] - from play in play-internal-execution-context-2 
database [default] connected at jdbc:h2:mem:play

2013-09-01 10:08:54,107 - [INFO] - from play in play-internal-execution-context-2 
Application started (Dev)

